<?xml version="1.0" encoding="UTF-8"?>
<!-- Generated by org.testng.reporters.JUnitReportReporter -->
<testsuite skipped="0" hostname="VAIBHAV-PC" name="com.ibm.stax.Tests.Login" tests="1" failures="0" timestamp="19 Oct 2020 18:47:14 GMT" time="3.337" errors="0">
  <testcase name="logintoapp" time="3.337" classname="com.ibm.stax.Tests.Login"/>
</testsuite> <!-- com.ibm.stax.Tests.Login -->
