<?xml version="1.0" encoding="UTF-8"?>
<!-- Generated by org.testng.reporters.JUnitReportReporter -->
<testsuite skipped="0" hostname="VAIBHAV-PC" name="com.ibm.stax.Tests.Login" tests="1" failures="0" timestamp="18 Oct 2020 13:00:02 GMT" time="1.526" errors="0">
  <testcase name="logintoapp" time="1.526" classname="com.ibm.stax.Tests.Login"/>
</testsuite> <!-- com.ibm.stax.Tests.Login -->
