<?xml version="1.0" encoding="UTF-8"?>
<!-- Generated by org.testng.reporters.JUnitReportReporter -->
<testsuite skipped="0" hostname="VAIBHAV-PC" name="com.ibm.stax.Tests.Login" tests="1" failures="0" timestamp="26 Sep 2020 09:26:36 GMT" time="0.036" errors="0">
  <testcase name="logintoapp" time="0.036" classname="com.ibm.stax.Tests.Login"/>
</testsuite> <!-- com.ibm.stax.Tests.Login -->
