<?xml version="1.0" encoding="UTF-8"?>
<!-- Generated by org.testng.reporters.JUnitReportReporter -->
<testsuite skipped="0" hostname="VAIBHAV-PC" name="com.ibm.stax.Tests.Login" tests="1" failures="0" timestamp="27 Sep 2020 11:20:20 GMT" time="2.854" errors="0">
  <testcase name="logintoapp" time="2.854" classname="com.ibm.stax.Tests.Login"/>
</testsuite> <!-- com.ibm.stax.Tests.Login -->
